7 2.74725 72 0.37067 102 4.72344 170 3.52882 202 0.35877 284 4.50681 
40 0.4433 105 3.55111 279 1.92464 319 3.67829 339 2.31954 456 3.0779 
15 4.50827 17 0.54771 176 0.50098 195 4.40314 212 3.32998 295 1.55049 406 4.25196 
114 0.04375 231 0.90972 292 0.61922 375 1.3783 495 1.44792 
24 0.8478 61 0.56304 209 3.44924 411 1.49656 
83 2.24958 430 1.52947 
1 2.74725 119 2.72373 172 3.9289 436 0.03422 
129 2.37777 198 3.31677 228 1.49592 275 3.14471 277 3.67772 281 2.01215 397 3.43257 
91 0.88577 97 4.56821 215 4.10457 265 3.51591 278 1.41364 282 0.92918 
281 2.947 359 4.10856 385 4.30899 403 0.53571 423 3.9436 462 3.97752 
31 3.15524 123 0.63534 146 4.97971 334 4.28792 381 0.27262 403 1.19941 430 4.88924 
181 2.69125 188 0.34014 253 3.66637 
159 0.53961 215 1.6495 247 2.49826 363 0.29952 465 4.13454 482 2.29778 
57 4.26887 154 2.49659 172 4.25886 205 0.35623 298 2.80466 366 2.60263 
3 4.50827 24 4.42754 83 0.91052 161 4.06425 183 1.85286 192 0.93537 209 1.94877 422 3.8654 
83 0.91443 221 1.07297 277 4.9938 446 4.75554 
3 0.54771 172 3.30423 343 1.5179 395 4.05047 
165 0.15337 345 3.74773 
156 3.87015 314 1.56233 374 1.41671 416 1.45721 500 0.56098 
73 2.74685 100 0.70332 
87 0.31081 431 0.56295 436 0.70017 440 3.94957 
383 0.13781 
247 4.41918 257 2.60308 292 1.66462 348 0.90498 353 2.65763 464 3.01321 465 4.73372 
5 0.8478 15 4.42754 29 2.49937 166 1.9319 209 2.93076 339 4.03117 347 1.93443 
203 3.14721 225 2.62872 295 3.69649 297 4.90351 488 1.19784 
41 0.1555 61 4.06702 79 3.5951 114 4.53893 174 0.52124 257 1.77136 277 2.13447 286 0.80139 311 1.63304 445 1.80386 483 0.7001 
37 3.05696 168 1.68488 356 2.67981 481 2.81391 
259 1.31358 332 2.22539 406 1.51222 468 1.82277 
24 2.49937 51 3.17293 82 1.28105 455 2.71091 
231 3.84967 
11 3.15524 124 0.77377 243 0.73381 
300 0.7626 359 0.39653 454 3.20512 
138 4.19784 355 3.57556 438 3.19589 482 0.62894 489 3.05943 496 2.42814 
85 4.67029 141 1.7116 160 0.75782 223 0.4598 399 3.52019 
70 2.66635 442 2.46497 
176 4.97948 270 0.81286 354 3.8314 393 0.87237 411 0.27382 486 2.01398 
27 3.05696 39 0.05907 298 4.95347 475 0.66733 
42 4.82999 58 0.93411 100 1.9841 136 3.33356 190 3.87112 242 1.95429 
37 0.05907 106 3.99055 148 1.35937 241 1.12432 270 1.47895 467 3.75803 
2 0.4433 101 4.83247 198 3.87129 200 0.85564 341 1.63379 353 3.07275 381 3.03277 382 3.80391 448 0.91015 
26 0.1555 120 0.32202 296 0.09495 
38 4.82999 116 0.3156 206 4.16506 207 1.0753 
111 3.77428 225 0.07973 276 2.59742 409 2.66012 481 1.74482 
121 1.63784 312 2.62505 328 1.06387 399 4.86666 471 0.11787 
133 0.23465 181 2.19343 199 3.3133 274 3.81734 336 1.5545 461 0.26466 
58 0.87078 
329 2.15667 
51 1.92642 100 1.63563 273 0.29957 279 0.65985 430 2.57177 
211 0.65319 272 2.894 361 1.42052 
108 2.23 113 0.4034 180 1.19611 203 4.69837 320 1.0365 322 4.43987 
29 3.17293 48 1.92642 98 0.04873 102 2.16258 284 2.76413 
106 4.46962 124 3.77722 260 3.24485 482 3.5022 
109 1.89478 384 3.95009 434 0.33822 470 2.08099 487 1.73442 493 3.90566 
177 2.15995 233 2.40675 
66 0.92888 154 1.45144 216 1.0326 476 0.70188 
150 4.29225 231 4.92376 253 1.17798 312 4.86441 369 4.10839 420 2.98941 
14 4.26887 136 1.81371 155 4.11688 183 2.71125 242 2.0233 421 3.82057 424 0.31114 
38 0.93411 46 0.87078 151 2.31673 207 0.94152 247 3.87968 
116 0.39986 161 0.08033 217 1.51327 317 1.9127 496 3.50047 
146 3.97532 156 4.92678 301 2.33997 337 4.58991 437 2.97697 451 0.07326 
5 0.56304 26 4.06702 67 4.93022 91 0.12447 144 1.35401 202 1.32205 368 2.46238 446 1.2307 
148 1.1284 284 1.7106 315 2.9161 316 2.86921 458 0.62835 
134 0.88331 170 1.37423 227 2.22727 264 1.1903 345 2.70758 
77 2.45054 82 1.74047 88 4.16592 101 3.64638 111 4.79411 186 3.23062 289 0.10909 371 0.07388 
67 3.21183 295 0.75184 
55 0.92888 235 1.6515 270 0.70606 271 0.90076 401 0.29063 473 0.26883 
61 4.93022 65 3.21183 78 1.28887 201 0.53242 355 3.45701 454 0.57898 
111 4.17711 132 4.30174 168 0.8881 205 3.5728 259 1.55621 357 4.2496 

35 2.66635 95 1.35183 187 2.13506 
141 0.44163 234 3.96737 311 4.78992 
1 0.37067 287 1.34548 359 0.74134 405 4.53405 443 1.97987 
20 2.74685 110 0.12784 
103 4.95214 159 3.77069 167 2.43645 253 3.34464 264 1.55541 408 3.51537 438 3.91755 
384 4.52121 
94 2.46063 160 2.95429 451 0.29281 478 3.74348 
64 2.45054 78 1.54317 177 0.2779 242 1.03641 273 0.9035 361 2.70793 
67 1.28887 77 1.54317 177 4.08827 292 1.63545 499 0.33186 
26 3.5951 142 4.71796 216 4.11399 306 2.82517 
244 1.99202 301 0.48112 410 4.37866 469 2.11444 
286 3.84623 
29 1.28105 64 1.74047 221 3.69321 417 1.58509 423 1.24333 443 0.25029 446 4.6507 
6 2.24958 15 0.91052 16 0.91443 116 1.29141 209 2.16153 322 2.94504 424 4.74819 
192 0.7011 198 4.20569 216 1.6184 337 4.74666 386 2.7827 387 0.50798 419 2.37595 463 4.03507 
34 4.67029 137 0.46996 405 3.96035 
459 0.96727 
21 0.31081 389 1.64562 
64 4.16592 263 2.02458 304 1.49404 406 2.07647 433 3.79883 447 2.96905 479 2.69458 
130 2.1532 306 4.57078 335 0.60295 
214 4.74375 308 4.37198 323 2.9198 361 4.28065 408 0.28704 
9 0.88577 61 0.12447 149 2.09108 177 2.00063 
219 1.65469 330 3.66573 365 3.49072 442 2.52569 
266 4.33937 358 0.33855 370 2.91049 378 3.39629 478 1.34665 
76 2.46063 203 1.4512 227 3.34612 322 0.46449 414 3.74565 
70 1.35183 157 3.74627 204 4.28516 278 1.48005 391 4.20144 
182 1.78027 332 0.62774 371 1.28348 
9 4.56821 108 0.73381 135 2.67964 240 1.42173 489 2.64758 
51 0.04873 191 4.93826 222 2.37222 358 3.8012 475 3.67637 484 1.66306 
111 0.13929 133 0.48653 143 3.90512 218 4.15615 266 1.63243 
20 0.70332 38 1.9841 48 1.63563 262 1.41344 
40 4.83247 64 3.64638 102 0.98183 111 0.21812 189 1.58615 445 2.92173 
1 4.72344 51 2.16258 101 0.98183 357 2.05857 429 0.26293 449 1.04162 
74 4.95214 112 0.28386 150 4.12489 314 1.38204 324 0.9209 338 2.33619 397 3.50628 
218 4.97239 328 2.79043 394 0.6443 498 2.58847 
2 3.55111 162 4.09716 380 1.77774 
39 3.99055 52 4.46962 115 0.34617 326 2.01283 
127 4.48365 189 0.4612 
50 2.23 97 0.73381 131 2.91391 222 4.47582 395 3.59046 427 1.38096 466 4.92778 478 0.50125 
53 1.89478 149 0.15101 160 4.13804 169 4.5192 393 0.67262 
73 0.12784 119 0.33664 156 4.11538 251 2.12388 265 0.41563 285 2.38572 337 2.22582 353 0.72815 480 4.0237 
43 3.77428 64 4.79411 68 4.17711 99 0.13929 101 0.21812 136 2.71233 168 3.91219 262 1.17651 371 3.185 432 3.92009 
103 0.28386 233 4.65669 279 3.122 291 2.39341 309 0.30538 
50 0.4034 149 3.38002 372 3.34288 398 4.85935 
4 0.04375 26 4.53893 313 1.79236 341 2.23845 348 3.22347 
106 0.34617 138 4.43029 242 0.33246 460 0.76964 
42 0.3156 59 0.39986 83 1.29141 239 1.90632 304 2.75414 
129 1.43896 169 4.78097 266 1.82412 296 1.87066 301 1.10304 
144 0.3058 168 3.42172 192 2.7213 325 0.93509 440 4.59156 
7 2.72373 110 0.33664 153 3.73504 229 3.55314 382 4.4096 391 0.0627 
41 0.32202 346 2.53203 350 0.28028 362 0.7744 443 3.01831 
44 1.63784 185 4.47802 339 2.27053 437 0.67451 483 2.11264 
204 0.49261 311 2.99765 422 0.437 433 4.09108 490 0.35316 492 4.37688 
11 0.63534 319 4.45548 333 0.98995 
31 0.77377 52 3.77722 130 2.80666 316 2.80664 342 0.85488 352 1.25453 434 0.0539 
186 4.27735 280 0.20528 433 1.74423 
145 2.92947 156 0.59427 289 4.85905 325 3.03997 393 3.08543 
107 4.48365 177 4.24549 178 0.51064 241 4.82631 386 1.49775 460 0.56117 486 0.70186 
131 3.95308 339 4.17388 385 1.38794 420 2.99405 432 2.63937 469 0.44654 
8 2.37777 117 1.43896 174 3.68102 283 2.10758 
89 2.1532 124 2.80666 143 3.77116 169 4.49967 
108 2.91391 128 3.95308 147 0.67743 321 3.99922 
68 4.30174 153 4.57684 232 1.61131 361 2.18473 386 4.15694 413 4.68312 478 0.10062 
45 0.23465 99 0.48653 145 0.7479 299 0.90647 362 4.55939 422 3.28479 469 4.33249 
63 0.88331 259 1.62963 
97 2.67964 151 1.31887 384 4.89378 386 3.39059 
38 3.33356 57 1.81371 111 2.71233 174 0.71622 280 4.30068 332 3.48771 378 4.26019 
85 0.46996 192 1.53442 296 4.29445 321 2.33648 325 0.1712 464 4.07103 
33 4.19784 115 4.43029 178 0.79422 250 2.06129 324 1.1794 340 3.16973 360 0.69286 384 0.05192 
243 4.06198 414 4.15937 
167 2.8682 225 3.77823 
34 1.7116 71 0.44163 157 4.41303 167 2.30994 224 2.46358 285 2.4024 
79 4.71796 200 2.76403 323 2.58065 368 1.21617 472 0.99821 
99 3.90512 130 3.77116 235 1.62718 277 1.86721 448 0.05809 473 0.61632 
61 1.35401 118 0.3058 160 1.80765 267 2.52172 271 3.03902 449 1.18756 
126 2.92947 133 0.7479 151 3.16359 165 1.5401 363 0.96235 367 4.93007 
11 4.97971 60 3.97532 294 2.12208 310 1.36643 351 3.56738 
131 0.67743 315 4.10334 327 0.75218 
39 1.35937 62 1.1284 177 0.82536 184 3.43039 209 4.85053 222 3.32835 251 0.17818 272 3.96467 385 1.90141 427 1.49854 459 4.73174 
91 2.09108 109 0.15101 113 3.38002 311 1.64498 
56 4.29225 103 4.12489 220 0.94788 292 0.40857 294 0.4908 333 1.85868 
58 2.31673 135 1.31887 145 3.16359 152 2.47501 
151 2.47501 290 3.75887 445 3.99317 
119 3.73504 132 4.57684 190 0.1992 378 4.60031 385 1.95851 416 0.03227 
14 2.49659 55 1.45144 203 1.64419 387 4.80899 479 4.17773 
57 4.11688 184 4.49247 196 4.76411 232 0.34252 420 4.78843 
19 3.87015 60 4.92678 110 4.11538 126 0.59427 203 4.06944 264 3.34897 312 2.37784 318 2.75161 379 1.8357 399 3.42769 
95 3.74627 141 4.41303 
212 0.09147 263 1.1161 348 2.87121 358 3.96756 359 0.2177 406 4.79408 
13 0.53961 74 3.77069 
34 0.75782 76 2.95429 109 4.13804 144 1.80765 180 0.20994 352 1.43067 422 0.41766 
15 4.06425 59 0.08033 261 2.80614 309 0.42883 362 4.29024 366 4.24418 389 3.28686 444 4.08036 486 1.83397 
105 4.09716 162 2.45995 256 1.23153 326 1.00001 
238 3.5345 323 4.76791 333 4.63605 375 0.94416 478 4.62398 495 4.31119 
176 0.54551 321 4.40226 418 4.64705 
18 0.15337 145 1.5401 268 0.37676 385 3.04154 409 0.23975 487 1.27243 
24 1.9319 205 2.7475 
74 2.43645 140 2.8682 141 2.30994 368 3.21802 389 0.31408 
27 1.68488 68 0.8881 111 3.91219 118 3.42172 360 0.26266 386 3.18416 429 1.137 475 4.35183 500 2.40553 
109 4.5192 117 4.78097 130 4.49967 201 3.17915 
1 3.52882 63 1.37423 186 4.93335 311 0.32296 312 0.76869 436 0.10279 447 0.8654 457 4.0403 
203 2.32235 234 0.93076 264 3.82129 436 1.95036 
7 3.9289 14 4.25886 17 3.30423 467 3.93552 485 2.84168 494 2.81751 
198 3.98359 204 1.61992 242 3.59471 363 2.87281 
26 0.52124 129 3.68102 136 0.71622 187 4.59411 195 3.523 281 0.49058 321 4.77593 396 2.92435 436 2.17281 
255 1.39489 354 0.84804 439 3.38809 444 3.27312 
3 0.50098 36 4.97948 164 0.54551 233 1.93042 307 0.96215 319 4.05506 368 3.9163 
54 2.15995 77 0.2779 78 4.08827 91 2.00063 127 4.24549 148 0.82536 419 2.34717 431 3.32213 497 1.96902 
127 0.51064 138 0.79422 201 2.41265 305 3.91664 444 1.9604 
336 0.01428 451 3.76816 475 0.09035 
50 1.19611 160 0.20994 
12 2.69125 45 2.19343 199 2.72115 369 4.1426 457 0.52473 
96 1.78027 316 2.26616 414 0.12198 
15 1.85286 57 2.71125 295 3.966 312 2.88106 356 3.44585 368 2.30902 394 3.56091 412 1.70583 422 4.28563 437 0.44157 
148 3.43039 155 4.49247 314 0.23092 342 3.90466 403 2.69798 496 0.75887 
121 4.47802 
64 3.23062 125 4.27735 170 4.93335 216 3.91583 336 0.73616 356 4.76999 362 0.29812 366 1.59425 370 2.17329 451 3.41036 484 2.33288 
70 2.13506 174 4.59411 
12 0.34014 196 0.81462 
101 1.58615 107 0.4612 
38 3.87112 153 0.1992 256 2.50819 318 2.99906 440 3.95081 471 3.84945 
98 4.93826 346 4.15229 
15 0.93537 84 0.7011 118 2.7213 137 1.53442 298 4.44433 315 1.11194 317 3.54194 373 2.70623 421 1.20801 
224 3.23818 247 0.95368 284 1.83387 388 4.03141 
218 3.65221 
3 4.40314 174 3.523 291 2.38739 324 1.6918 371 0.52221 380 4.6505 446 4.29442 
155 4.76411 188 0.81462 243 4.00666 287 1.34709 
336 4.09444 376 3.48524 382 2.2609 405 0.47183 445 0.25039 494 3.80564 
8 3.31677 40 3.87129 84 4.20569 173 3.98359 338 4.27297 355 1.03736 367 3.0989 
45 3.3133 181 2.72115 
40 0.85564 142 2.76403 359 0.90762 447 1.07509 
67 0.53242 169 3.17915 178 2.41265 372 4.7674 
1 0.35877 61 1.32205 310 0.0803 
25 3.14721 50 4.69837 94 1.4512 154 1.64419 156 4.06944 171 2.32235 213 0.62236 271 0.50831 377 1.50891 402 3.60545 
95 4.28516 122 0.49261 173 1.61992 267 2.46216 284 0.9001 375 0.59608 423 0.7658 432 4.0911 
14 0.35623 68 3.5728 166 2.7475 211 2.47332 224 2.86768 328 1.16927 428 4.52649 480 1.69152 
42 4.16506 237 4.63551 335 3.21988 408 3.64564 483 3.96161 
42 1.0753 58 0.94152 364 2.57314 377 3.73009 381 3.98929 491 3.9112 
493 2.4347 
5 3.44924 15 1.94877 24 2.93076 83 2.16153 148 4.85053 244 4.05914 358 3.82048 373 1.275 395 4.25184 
280 0.38964 
49 0.65319 205 2.47332 278 0.26732 444 2.36981 465 2.17545 
3 3.32998 158 0.09147 341 4.96737 
203 0.62236 
90 4.74375 233 0.24676 
9 4.10457 13 1.6495 270 1.46747 311 0.00612 441 1.65519 
55 1.0326 79 4.11399 84 1.6184 186 3.91583 237 3.4615 275 3.74742 421 4.33717 466 3.75292 489 4.17186 
59 1.51327 287 2.98226 331 0.67576 417 0.82884 450 0.86382 469 2.73123 
99 4.15615 104 4.97239 194 3.65221 
92 1.65469 230 4.17479 240 2.1429 354 0.06457 
150 0.94788 458 4.47937 
16 1.07297 82 3.69321 234 3.37918 243 1.64201 
98 2.37222 108 4.47582 148 3.32835 284 4.23995 445 2.02471 
34 0.4598 256 3.96575 488 0.30403 
141 2.46358 193 3.23818 205 2.86768 395 4.90037 442 3.62839 
25 2.62872 43 0.07973 140 3.77823 
360 3.44145 397 1.6516 431 0.59972 
63 2.22727 94 3.34612 255 0.31433 365 0.27402 
8 1.49592 303 4.69279 312 0.9668 
119 3.55314 350 0.28889 
219 4.17479 267 3.44226 472 3.33462 
4 0.90972 30 3.84967 56 4.92376 258 2.5756 311 4.51158 404 3.39176 
132 1.61131 155 0.34252 254 4.17217 303 0.83051 320 4.85705 365 2.71763 449 4.29278 
54 2.40675 112 4.65669 176 1.93042 214 0.24676 366 4.26295 
71 3.96737 171 0.93076 221 3.37918 332 2.66895 350 0.52485 474 0.27168 477 2.45421 
66 1.6515 143 1.62718 289 2.89202 454 1.7204 
309 2.10499 374 3.92821 428 3.94452 
206 4.63551 216 3.4615 268 4.7408 382 3.98814 463 1.54628 464 0.81484 
163 3.5345 286 1.50495 415 4.21971 460 1.13027 473 3.17037 
116 1.90632 272 4.4444 415 4.43147 
97 1.42173 219 2.1429 251 1.20786 428 3.44357 
39 1.12432 127 4.82631 329 0.86114 423 0.5261 
38 1.95429 57 2.0233 77 1.03641 115 0.33246 173 3.59471 346 2.7538 436 2.00488 465 0.07432 
31 0.73381 139 4.06198 196 4.00666 221 1.64201 351 2.45092 
80 1.99202 209 4.05914 264 2.97868 302 0.99632 
420 1.48878 468 2.06061 498 1.83567 
307 0.11733 371 0.28305 422 3.46594 484 3.01379 
13 2.49826 23 4.41918 58 3.87968 193 0.95368 317 2.83292 438 1.48573 
260 1.5975 309 0.38891 476 4.73063 
343 3.79672 484 1.14497 
138 2.06129 390 3.09822 419 2.76204 428 3.91614 451 4.46772 469 3.55276 
110 2.12388 148 0.17818 240 1.20786 476 0.80437 
387 2.07958 
12 3.66637 56 1.17798 74 3.34464 303 2.02637 465 3.64589 
232 4.17217 298 4.93138 399 1.61676 469 0.47933 
175 1.39489 227 0.31433 319 1.93371 376 0.33964 
162 1.23153 190 2.50819 223 3.96575 355 1.33094 422 4.20417 
23 2.60308 26 1.77136 
231 2.5756 440 1.38438 482 4.21923 
28 1.31358 68 1.55621 134 1.62963 389 3.34089 
52 3.24485 248 1.5975 333 1.74755 457 3.08004 
161 2.80614 263 0.17362 286 3.30961 332 0.9854 360 0.00229 366 2.13967 428 1.95579 494 2.30914 
100 1.41344 111 1.17651 312 1.02867 334 4.24707 339 4.67499 
88 2.02458 158 1.1161 261 0.17362 263 4.96262 286 4.68376 308 2.62093 
63 1.1903 74 1.55541 156 3.34897 171 3.82129 244 2.97868 270 3.86871 312 2.52637 354 4.89586 365 1.86215 485 2.03678 489 3.03152 
9 3.51591 110 0.41563 308 0.46021 332 0.79698 
93 4.33937 99 1.63243 117 1.82412 294 0.4517 
144 2.52172 204 2.46216 230 3.44226 345 4.01929 349 2.03698 391 3.66626 426 2.84112 462 3.08142 485 4.74989 
165 0.37676 237 4.7408 319 0.37261 347 0.08839 355 0.31094 376 0.54254 466 2.1652 
312 0.88011 471 1.7848 
36 0.81286 39 1.47895 66 0.70606 215 1.46747 264 3.86871 279 0.14375 395 2.0139 
66 0.90076 144 3.03902 203 0.50831 
49 2.894 148 3.96467 239 4.4444 481 2.38861 
48 0.29957 77 0.9035 353 4.87567 364 4.86372 375 0.6389 445 4.65245 453 2.75343 476 1.8862 
45 3.81734 348 4.8173 475 2.2727 
8 3.14471 216 3.74742 316 3.16375 389 1.13716 499 3.28376 
43 2.59742 
8 3.67772 16 4.9938 26 2.13447 143 1.86721 289 0.87007 331 1.36311 344 4.29859 412 4.60321 434 3.01647 436 1.9245 
9 1.41364 95 1.48005 211 0.26732 
2 1.92464 48 0.65985 112 3.122 270 0.14375 317 1.19971 339 3.75218 341 4.93916 
125 0.20528 136 4.30068 210 0.38964 487 4.82584 
8 2.01215 10 2.947 174 0.49058 286 4.15408 372 0.30095 
9 0.92918 350 2.16147 
129 2.10758 418 3.70299 442 2.87539 
1 4.50681 51 2.76413 62 1.7106 193 1.83387 204 0.9001 222 4.23995 396 3.51689 416 4.25104 
110 2.38572 141 2.4024 397 1.17281 435 0.16839 
26 0.80139 81 3.84623 238 1.50495 261 3.30961 263 4.68376 281 4.15408 337 4.32145 
72 1.34548 196 1.34709 217 2.98226 341 3.12228 452 0.80187 462 3.11111 
394 1.28983 
64 0.10909 126 4.85905 235 2.89202 277 0.87007 318 3.11758 389 3.51998 438 2.76288 
152 3.75887 322 4.58852 336 4.37894 
112 2.39341 195 2.38739 332 4.36972 351 2.91517 
4 0.61922 23 1.66462 78 1.63545 150 0.40857 332 3.77331 
332 3.45617 426 0.52414 436 4.26668 
146 2.12208 150 0.4908 266 0.4517 305 2.52069 338 1.27145 
3 1.55049 25 3.69649 65 0.75184 183 3.966 425 4.87432 458 0.91238 
41 0.09495 117 1.87066 137 4.29445 359 3.65812 417 0.60488 
25 4.90351 415 3.92742 
14 2.80466 37 4.95347 192 4.44433 254 4.93138 324 1.79064 405 4.902 448 2.87438 
133 0.90647 374 3.30946 448 0.6858 472 0.41595 
32 0.7626 418 3.73875 476 1.74605 
60 2.33997 80 0.48112 117 1.10304 
244 0.99632 358 1.04156 471 0.55739 
228 4.69279 232 0.83051 253 2.02637 403 4.36278 
88 1.49404 116 2.75414 
178 3.91664 294 2.52069 418 3.62501 447 4.56867 
79 2.82517 89 4.57078 326 2.68292 389 3.70531 425 2.27572 
176 0.96215 246 0.11733 456 2.5851 
90 4.37198 263 2.62093 265 0.46021 336 3.65978 340 4.423 388 4.20037 425 0.06311 
112 0.30538 161 0.42883 236 2.10499 248 0.38891 324 2.90221 451 3.09507 476 4.52552 
146 1.36643 202 0.0803 
26 1.63304 71 4.78992 122 2.99765 149 1.64498 170 0.32296 215 0.00612 231 4.51158 413 3.59386 457 2.4743 
44 2.62505 56 4.86441 156 2.37784 170 0.76869 183 2.88106 228 0.9668 262 1.02867 264 2.52637 269 0.88011 451 1.00923 
114 1.79236 409 0.94487 419 0.6121 444 2.58072 490 1.69843 
19 1.56233 103 1.38204 184 0.23092 409 3.4709 
62 2.9161 147 4.10334 192 1.11194 326 1.86382 437 4.02376 
62 2.86921 124 2.80664 182 2.26616 275 3.16375 328 0.27129 332 4.82964 390 4.71963 452 3.27742 
59 1.9127 192 3.54194 247 2.83292 279 1.19971 379 3.73554 
156 2.75161 190 2.99906 289 3.11758 351 2.43897 364 3.81764 464 2.89721 
2 3.67829 123 4.45548 176 4.05506 255 1.93371 268 0.37261 
50 1.0365 232 4.85705 376 2.75589 417 2.30118 
131 3.99922 137 2.33648 164 4.40226 174 4.77593 408 0.65492 429 1.66697 442 4.0426 494 0.03056 
50 4.43987 83 2.94504 94 0.46449 290 4.58852 393 4.32002 466 1.98614 471 0.15584 487 2.98982 496 2.2346 
90 2.9198 142 2.58065 163 4.76791 
103 0.9209 138 1.1794 195 1.6918 298 1.79064 309 2.90221 374 2.21984 457 1.59949 
118 0.93509 126 3.03997 137 0.1712 442 4.9645 
106 2.01283 162 1.00001 306 2.68292 315 1.86382 351 2.2062 391 3.40617 435 0.24652 
147 0.75218 368 4.05365 383 1.35331 
44 1.06387 104 2.79043 205 1.16927 316 0.27129 367 0.84613 444 0.10481 
47 2.15667 241 0.86114 339 0.33474 454 1.32095 
92 3.66573 355 3.82288 393 2.25689 461 2.40643 
217 0.67576 277 1.36311 334 2.78162 344 3.93893 390 2.58339 397 2.80148 441 0.15442 476 0.24955 
28 2.22539 96 0.62774 136 3.48771 234 2.66895 261 0.9854 265 0.79698 291 4.36972 292 3.77331 293 3.45617 316 4.82964 354 0.50262 
123 0.98995 150 1.85868 163 4.63605 260 1.74755 349 2.50003 484 1.4108 
11 4.28792 262 4.24707 331 2.78162 483 2.84485 492 2.20798 
89 0.60295 206 3.21988 474 3.35659 
45 1.5545 179 0.01428 186 0.73616 197 4.09444 290 4.37894 308 3.65978 371 0.88248 
60 4.58991 84 4.74666 110 2.22582 286 4.32145 344 3.26636 396 0.47249 477 3.07936 
103 2.33619 198 4.27297 294 1.27145 373 1.25204 471 3.602 
2 2.31954 24 4.03117 121 2.27053 128 4.17388 262 4.67499 279 3.75218 329 0.33474 386 2.07561 
138 3.16973 308 4.423 372 1.91503 399 3.26401 445 4.31169 
40 1.63379 114 2.23845 212 4.96737 279 4.93916 287 3.12228 375 0.25682 403 0.67947 
124 0.85488 184 3.90466 390 3.42466 
17 1.5179 249 3.79672 
277 4.29859 331 3.93893 337 3.26636 407 2.20319 493 2.75569 494 4.78642 
18 3.74773 63 2.70758 267 4.01929 467 3.85457 
120 2.53203 191 4.15229 242 2.7538 389 2.44121 
24 1.93443 268 0.08839 
23 0.90498 114 3.22347 158 2.87121 274 4.8173 386 1.813 
267 2.03698 333 2.50003 447 4.28465 
120 0.28028 229 0.28889 234 0.52485 282 2.16147 
146 3.56738 243 2.45092 291 2.91517 318 2.43897 326 2.2062 462 3.14658 
124 1.25453 160 1.43067 397 3.94449 403 0.25986 
23 2.65763 40 3.07275 110 0.72815 273 4.87567 406 0.53098 
36 3.8314 175 0.84804 219 0.06457 264 4.89586 332 0.50262 493 0.43904 
33 3.57556 67 3.45701 198 1.03736 256 1.33094 268 0.31094 330 3.82288 426 2.05843 
27 2.67981 183 3.44585 186 4.76999 421 4.48205 
68 4.2496 102 2.05857 381 1.89325 436 3.35476 
93 0.33855 98 3.8012 158 3.96756 209 3.82048 302 1.04156 
10 4.10856 32 0.39653 72 0.74134 158 0.2177 200 0.90762 296 3.65812 
138 0.69286 168 0.26266 226 3.44145 261 0.00229 456 1.48832 468 0.76712 
49 1.42052 77 2.70793 90 4.28065 132 2.18473 371 3.27217 383 3.22626 
120 0.7744 133 4.55939 161 4.29024 186 0.29812 
13 0.29952 145 0.96235 173 2.87281 389 1.62535 
207 2.57314 273 4.86372 318 3.81764 378 3.01223 496 0.54221 
92 3.49072 227 0.27402 232 2.71763 264 1.86215 400 2.92231 
14 2.60263 161 4.24418 186 1.59425 233 4.26295 261 2.13967 
145 4.93007 198 3.0989 328 0.84613 454 4.39953 
61 2.46238 142 1.21617 167 3.21802 176 3.9163 183 2.30902 327 4.05365 393 2.75557 
56 4.10839 181 4.1426 398 0.35819 
93 2.91049 186 2.17329 370 3.12623 372 4.33863 484 3.38098 
64 0.07388 96 1.28348 111 3.185 195 0.52221 246 0.28305 336 0.88248 361 3.27217 423 3.14942 
113 3.34288 201 4.7674 281 0.30095 340 1.91503 370 4.33863 474 1.96643 
192 2.70623 209 1.275 338 1.25204 
19 1.41671 236 3.92821 299 3.30946 324 2.21984 476 0.85344 484 3.12697 
4 1.3783 163 0.94416 204 0.59608 273 0.6389 341 0.25682 390 3.39163 
197 3.48524 255 0.33964 268 0.54254 320 2.75589 421 0.60137 449 2.18187 
203 1.50891 207 3.73009 433 0.40689 473 1.73771 
93 3.39629 136 4.26019 153 4.60031 364 3.01223 
156 1.8357 317 3.73554 
105 1.77774 195 4.6505 401 0.53277 
11 0.27262 40 3.03277 207 3.98929 357 1.89325 
40 3.80391 119 4.4096 197 2.2609 237 3.98814 394 1.35672 
22 0.13781 327 1.35331 361 3.22626 416 2.04984 434 0.2054 
53 3.95009 75 4.52121 135 4.89378 138 0.05192 392 3.40213 436 4.40544 
10 4.30899 128 1.38794 148 1.90141 153 1.95851 165 3.04154 
84 2.7827 127 1.49775 132 4.15694 135 3.39059 168 3.18416 339 2.07561 348 1.813 440 4.76299 
84 0.50798 154 4.80899 252 2.07958 
193 4.03141 308 4.20037 434 4.15552 470 3.27749 
87 1.64562 161 3.28686 167 0.31408 259 3.34089 275 1.13716 289 3.51998 306 3.70531 346 2.44121 363 1.62535 412 1.18862 
250 3.09822 316 4.71963 331 2.58339 342 3.42466 375 3.39163 424 4.4242 
95 4.20144 119 0.0627 267 3.66626 326 3.40617 399 3.48707 405 3.56735 
384 3.40213 411 0.45662 
36 0.87237 109 0.67262 126 3.08543 322 4.32002 330 2.25689 368 2.75557 431 3.8849 
104 0.6443 183 3.56091 288 1.28983 382 1.35672 
17 4.05047 108 3.59046 209 4.25184 224 4.90037 270 2.0139 411 3.94641 
174 2.92435 284 3.51689 337 0.47249 465 0.53773 469 3.19729 
8 3.43257 103 3.50628 226 1.6516 285 1.17281 331 2.80148 352 3.94449 451 1.16808 
113 4.85935 369 0.35819 
34 3.52019 44 4.86666 156 3.42769 254 1.61676 340 3.26401 391 3.48707 
365 2.92231 413 0.89483 
66 0.29063 380 0.53277 442 3.25882 
203 3.60545 
10 0.53571 11 1.19941 184 2.69798 303 4.36278 341 0.67947 352 0.25986 446 2.07937 
231 3.39176 425 3.51462 
72 4.53405 85 3.96035 197 0.47183 298 4.902 391 3.56735 405 0.60129 415 3.98078 468 1.06135 
3 4.25196 28 1.51222 88 2.07647 158 4.79408 353 0.53098 419 0.38615 444 1.72574 
344 2.20319 470 3.9322 
74 3.51537 90 0.28704 206 3.64564 321 0.65492 418 3.44308 
43 2.66012 165 0.23975 313 0.94487 314 3.4709 
80 4.37866 431 0.79262 
5 1.49656 36 0.27382 392 0.45662 395 3.94641 472 4.89147 480 4.60742 486 4.44167 
183 1.70583 277 4.60321 389 1.18862 453 2.29419 
132 4.68312 311 3.59386 400 0.89483 476 4.24809 
94 3.74565 139 4.15937 182 0.12198 435 1.3326 
238 4.21971 239 4.43147 297 3.92742 405 3.98078 468 3.33563 
19 1.45721 153 0.03227 284 4.25104 383 2.04984 441 2.10213 
82 1.58509 217 0.82884 296 0.60488 320 2.30118 
164 4.64705 283 3.70299 300 3.73875 305 3.62501 408 3.44308 
84 2.37595 177 2.34717 250 2.76204 313 0.6121 406 0.38615 428 1.30519 468 4.02566 475 4.51523 
56 2.98941 128 2.99405 155 4.78843 245 1.48878 481 4.27766 
57 3.82057 192 1.20801 216 4.33717 356 4.48205 376 0.60137 435 4.37453 
15 3.8654 122 0.437 133 3.28479 160 0.41766 183 4.28563 246 3.46594 256 4.20417 
10 3.9436 82 1.24333 204 0.7658 241 0.5261 371 3.14942 451 2.48506 
57 0.31114 83 4.74819 390 4.4242 465 3.75146 
295 4.87432 306 2.27572 308 0.06311 404 3.51462 467 3.23625 
267 2.84112 293 0.52414 355 2.05843 
108 1.38096 148 1.49854 466 0.12362 490 0.83487 
205 4.52649 236 3.94452 240 3.44357 250 3.91614 261 1.95579 419 1.30519 483 4.61708 
102 0.26293 168 1.137 321 1.66697 474 3.25693 
6 1.52947 11 4.88924 48 2.57177 
21 0.56295 177 3.32213 226 0.59972 393 3.8849 410 0.79262 440 4.92496 478 0.98102 
111 3.92009 128 2.63937 204 4.0911 449 4.91038 486 4.17854 
88 3.79883 122 4.09108 125 1.74423 377 0.40689 486 3.30324 495 1.45022 
53 0.33822 124 0.0539 277 3.01647 383 0.2054 388 4.15552 458 2.60663 497 1.69977 
285 0.16839 326 0.24652 414 1.3326 421 4.37453 442 2.85616 
7 0.03422 21 0.70017 170 0.10279 171 1.95036 174 2.17281 242 2.00488 277 1.9245 293 4.26668 357 3.35476 384 4.40544 462 3.47353 491 3.06632 
60 2.97697 121 0.67451 183 0.44157 315 4.02376 491 4.38336 
33 3.19589 74 3.91755 247 1.48573 289 2.76288 
175 3.38809 469 2.6829 
21 3.94957 118 4.59156 190 3.95081 258 1.38438 386 4.76299 431 4.92496 497 4.70186 
215 1.65519 331 0.15442 416 2.10213 450 1.43146 486 3.79588 
35 2.46497 92 2.52569 224 3.62839 283 2.87539 321 4.0426 325 4.9645 401 3.25882 435 2.85616 
72 1.97987 82 0.25029 120 3.01831 454 4.49015 482 0.24388 
161 4.08036 175 3.27312 178 1.9604 211 2.36981 313 2.58072 328 0.10481 406 1.72574 
26 1.80386 101 2.92173 152 3.99317 197 0.25039 222 2.02471 273 4.65245 340 4.31169 491 4.92753 
16 4.75554 61 1.2307 82 4.6507 195 4.29442 403 2.07937 
88 2.96905 170 0.8654 200 1.07509 305 4.56867 349 4.28465 468 4.64005 469 2.71783 480 4.45185 
40 0.91015 143 0.05809 298 2.87438 299 0.6858 
102 1.04162 144 1.18756 232 4.29278 376 2.18187 432 4.91038 455 4.24774 
217 0.86382 441 1.43146 
60 0.07326 76 0.29281 179 3.76816 186 3.41036 250 4.46772 309 3.09507 312 1.00923 397 1.16808 423 2.48506 
287 0.80187 316 3.27742 460 4.05884 
273 2.75343 412 2.29419 458 0.44807 
32 3.20512 67 0.57898 235 1.7204 329 1.32095 367 4.39953 443 4.49015 
29 2.71091 449 4.24774 
2 3.0779 307 2.5851 360 1.48832 
170 4.0403 181 0.52473 260 3.08004 311 2.4743 324 1.59949 
62 0.62835 220 4.47937 295 0.91238 434 2.60663 453 0.44807 
86 0.96727 148 4.73174 468 1.52364 
115 0.76964 127 0.56117 238 1.13027 452 4.05884 
45 0.26466 330 2.40643 
10 3.97752 267 3.08142 287 3.11111 351 3.14658 436 3.47353 
84 4.03507 237 1.54628 488 2.87407 
23 3.01321 137 4.07103 237 0.81484 318 2.89721 466 2.84273 
13 4.13454 23 4.73372 211 2.17545 242 0.07432 253 3.64589 396 0.53773 424 3.75146 
108 4.92778 216 3.75292 268 2.1652 322 1.98614 427 0.12362 464 2.84273 
39 3.75803 172 3.93552 345 3.85457 425 3.23625 487 2.0203 
28 1.82277 245 2.06061 360 0.76712 405 1.06135 415 3.33563 419 4.02566 447 4.64005 459 1.52364 478 0.15544 
80 2.11444 128 0.44654 133 4.33249 217 2.73123 250 3.55276 254 0.47933 396 3.19729 439 2.6829 447 2.71783 
53 2.08099 388 3.27749 407 3.9322 483 4.78851 
44 0.11787 190 3.84945 269 1.7848 302 0.55739 322 0.15584 338 3.602 
142 0.99821 230 3.33462 299 0.41595 411 4.89147 
66 0.26883 143 0.61632 238 3.17037 377 1.73771 
234 0.27168 335 3.35659 372 1.96643 429 3.25693 
37 0.66733 98 3.67637 168 4.35183 179 0.09035 274 2.2727 419 4.51523 480 2.81834 
55 0.70188 248 4.73063 251 0.80437 273 1.8862 300 1.74605 309 4.52552 331 0.24955 374 0.85344 413 4.24809 
234 2.45421 337 3.07936 482 2.43525 484 0.27555 
76 3.74348 93 1.34665 108 0.50125 132 0.10062 163 4.62398 431 0.98102 468 0.15544 
88 2.69458 154 4.17773 490 1.06593 
110 4.0237 205 1.69152 411 4.60742 447 4.45185 475 2.81834 482 4.37524 483 4.7838 
27 2.81391 43 1.74482 272 2.38861 420 4.27766 
13 2.29778 33 0.62894 52 3.5022 258 4.21923 443 0.24388 477 2.43525 480 4.37524 
26 0.7001 121 2.11264 206 3.96161 334 2.84485 428 4.61708 470 4.78851 480 4.7838 500 2.37162 
98 1.66306 186 2.33288 246 3.01379 249 1.14497 333 1.4108 370 3.38098 374 3.12697 477 0.27555 499 3.54619 
172 2.84168 264 2.03678 267 4.74989 488 0.51369 
36 2.01398 127 0.70186 161 1.83397 411 4.44167 432 4.17854 433 3.30324 441 3.79588 
53 1.73442 165 1.27243 280 4.82584 322 2.98982 467 2.0203 
25 1.19784 223 0.30403 463 2.87407 485 0.51369 
33 3.05943 97 2.64758 216 4.17186 264 3.03152 
122 0.35316 313 1.69843 427 0.83487 479 1.06593 
207 3.9112 436 3.06632 437 4.38336 445 4.92753 
122 4.37688 334 2.20798 
53 3.90566 208 2.4347 344 2.75569 354 0.43904 
172 2.81751 197 3.80564 261 2.30914 321 0.03056 344 4.78642 
4 1.44792 163 4.31119 433 1.45022 
33 2.42814 59 3.50047 184 0.75887 322 2.2346 364 0.54221 
177 1.96902 434 1.69977 440 4.70186 
104 2.58847 245 1.83567 
78 0.33186 275 3.28376 484 3.54619 
19 0.56098 168 2.40553 483 2.37162 
